Build started 14/11/2016 12:01:44 AM.
     1>Project "C:\Projects\C++\ENBAuto\ENBAuto.vcxproj" on node 2 (Build target(s)).
     1>ClCompile:
         C:\Program Files (x86)\Microsoft Visual Studio 14.0\VC\bin\CL.exe /c /Zi /nologo /W3 /WX- /O2 /Oi /Oy- /GL /D WIN32 /D NDEBUG /D _WINDOWS /D _UNICODE /D UNICODE /Gm- /EHsc /MD /GS /Gy /fp:precise /Zc:wchar_t /Zc:forScope /Zc:inline /Fo"Release\\" /Fd"Release\vc140.pdb" /Gd /TP /analyze- /errorReport:prompt Main.cpp
         Main.cpp
       Link:
         C:\Program Files (x86)\Microsoft Visual Studio 14.0\VC\bin\link.exe /ERRORREPORT:PROMPT /OUT:"C:\Projects\C++\ENBAuto\Release\ENBAuto.exe" /INCREMENTAL:NO /NOLOGO kernel32.lib user32.lib gdi32.lib winspool.lib comdlg32.lib advapi32.lib shell32.lib ole32.lib oleaut32.lib uuid.lib odbc32.lib odbccp32.lib /MANIFEST /MANIFESTUAC:"level='asInvoker' uiAccess='false'" /manifest:embed /Debug /PDB:"C:\Projects\C++\ENBAuto\Release\ENBAuto.pdb" /SUBSYSTEM:WINDOWS /OPT:REF /OPT:ICF /LTCG:incremental /TLBID:1 /DYNAMICBASE /NXCOMPAT /IMPLIB:"C:\Projects\C++\ENBAuto\Release\ENBAuto.lib" /MACHINE:X86 /SAFESEH Release\ini.obj
         Release\INIReader.obj
         Release\INIReaderTest.obj
         Release\Main.obj
         Generating code
         4 of 457 functions ( 0.9%) were compiled, the rest were copied from previous compilation.
           0 functions were new in current compilation
           16 functions had inline decision re-evaluated but remain unchanged
         Finished generating code
         ENBAuto.vcxproj -> C:\Projects\C++\ENBAuto\Release\ENBAuto.exe
       PostBuildEvent:
         if not exist "C:\Projects\C++\ENBAuto\Build" md "C:\Projects\C++\ENBAuto\Build"
         copy /y "C:\Projects\C++\ENBAuto\Release\ENBAuto.exe" "C:\Projects\C++\ENBAuto\Build\ENBAuto.exe"
         ::start explorer.exe "C:\Projects\C++\ENBAuto\Build"
         :VCEnd
                 1 arquivo(s) copiado(s).
     1>Done Building Project "C:\Projects\C++\ENBAuto\ENBAuto.vcxproj" (Build target(s)).

Build succeeded.

Time Elapsed 00:00:02.01
